{"C:\\Users\\ppmar\\MICROVERSE\\To-Do-List\\src\\modules\\add-elem.js": {"path":"C:\\Users\\ppmar\\MICROVERSE\\To-Do-List\\src\\modules\\add-elem.js","statementMap":{"0":{"start":{"line":2,"column":16},"end":{"line":10,"column":1}},"1":{"start":{"line":3,"column":22},"end":{"line":3,"column":50}},"2":{"start":{"line":4,"column":2},"end":{"line":6,"column":3}},"3":{"start":{"line":5,"column":4},"end":{"line":5,"column":59}},"4":{"start":{"line":5,"column":28},"end":{"line":5,"column":57}},"5":{"start":{"line":7,"column":2},"end":{"line":7,"column":34}},"6":{"start":{"line":9,"column":2},"end":{"line":9,"column":21}}},"fnMap":{"0":{"name":"(anonymous_0)","decl":{"start":{"line":2,"column":16},"end":{"line":2,"column":17}},"loc":{"start":{"line":2,"column":43},"end":{"line":10,"column":1}},"line":2},"1":{"name":"(anonymous_1)","decl":{"start":{"line":5,"column":20},"end":{"line":5,"column":21}},"loc":{"start":{"line":5,"column":28},"end":{"line":5,"column":57}},"line":5}},"branchMap":{"0":{"loc":{"start":{"line":4,"column":2},"end":{"line":6,"column":3}},"type":"if","locations":[{"start":{"line":4,"column":2},"end":{"line":6,"column":3}},{"start":{},"end":{}}],"line":4}},"s":{"0":2,"1":120,"2":120,"3":120,"4":300,"5":120,"6":120},"f":{"0":120,"1":300},"b":{"0":[120,0]},"_coverageSchema":"1a1c01bbd47fc00a2c39e90264f33305004495a9","hash":"9064bf2a59ae5330798532c6ee7abb9f59e33c88"}
,"C:\\Users\\ppmar\\MICROVERSE\\To-Do-List\\src\\modules\\class-task-list.js": {"path":"C:\\Users\\ppmar\\MICROVERSE\\To-Do-List\\src\\modules\\class-task-list.js","statementMap":{"0":{"start":{"line":4,"column":27},"end":{"line":4,"column":37}},"1":{"start":{"line":8,"column":4},"end":{"line":8,"column":19}},"2":{"start":{"line":9,"column":4},"end":{"line":9,"column":16}},"3":{"start":{"line":10,"column":4},"end":{"line":10,"column":22}},"4":{"start":{"line":14,"column":4},"end":{"line":26,"column":5}},"5":{"start":{"line":15,"column":19},"end":{"line":15,"column":64}},"6":{"start":{"line":17,"column":6},"end":{"line":25,"column":7}},"7":{"start":{"line":18,"column":8},"end":{"line":18,"column":66}},"8":{"start":{"line":20,"column":25},"end":{"line":23,"column":10}},"9":{"start":{"line":21,"column":22},"end":{"line":21,"column":59}},"10":{"start":{"line":22,"column":10},"end":{"line":22,"column":21}},"11":{"start":{"line":24,"column":8},"end":{"line":24,"column":34}},"12":{"start":{"line":30,"column":4},"end":{"line":37,"column":5}},"13":{"start":{"line":31,"column":22},"end":{"line":31,"column":45}},"14":{"start":{"line":33,"column":6},"end":{"line":33,"column":30}},"15":{"start":{"line":34,"column":6},"end":{"line":34,"column":67}},"16":{"start":{"line":36,"column":6},"end":{"line":36,"column":19}},"17":{"start":{"line":41,"column":4},"end":{"line":41,"column":57}},"18":{"start":{"line":41,"column":40},"end":{"line":41,"column":55}},"19":{"start":{"line":42,"column":4},"end":{"line":42,"column":20}},"20":{"start":{"line":43,"column":4},"end":{"line":43,"column":65}},"21":{"start":{"line":47,"column":4},"end":{"line":53,"column":7}},"22":{"start":{"line":48,"column":6},"end":{"line":50,"column":7}},"23":{"start":{"line":49,"column":8},"end":{"line":49,"column":45}},"24":{"start":{"line":52,"column":6},"end":{"line":52,"column":17}},"25":{"start":{"line":54,"column":4},"end":{"line":54,"column":65}},"26":{"start":{"line":58,"column":4},"end":{"line":64,"column":7}},"27":{"start":{"line":59,"column":6},"end":{"line":61,"column":7}},"28":{"start":{"line":60,"column":8},"end":{"line":60,"column":48}},"29":{"start":{"line":63,"column":6},"end":{"line":63,"column":17}},"30":{"start":{"line":65,"column":4},"end":{"line":65,"column":65}},"31":{"start":{"line":69,"column":4},"end":{"line":69,"column":63}},"32":{"start":{"line":69,"column":40},"end":{"line":69,"column":61}},"33":{"start":{"line":70,"column":4},"end":{"line":70,"column":20}},"34":{"start":{"line":71,"column":4},"end":{"line":71,"column":65}},"35":{"start":{"line":75,"column":12},"end":{"line":75,"column":13}},"36":{"start":{"line":76,"column":4},"end":{"line":79,"column":7}},"37":{"start":{"line":77,"column":6},"end":{"line":77,"column":15}},"38":{"start":{"line":78,"column":6},"end":{"line":78,"column":13}},"39":{"start":{"line":80,"column":4},"end":{"line":80,"column":16}}},"fnMap":{"0":{"name":"(anonymous_0)","decl":{"start":{"line":7,"column":2},"end":{"line":7,"column":3}},"loc":{"start":{"line":7,"column":16},"end":{"line":11,"column":3}},"line":7},"1":{"name":"(anonymous_1)","decl":{"start":{"line":13,"column":2},"end":{"line":13,"column":3}},"loc":{"start":{"line":13,"column":15},"end":{"line":27,"column":3}},"line":13},"2":{"name":"(anonymous_2)","decl":{"start":{"line":20,"column":42},"end":{"line":20,"column":43}},"loc":{"start":{"line":20,"column":61},"end":{"line":23,"column":9}},"line":20},"3":{"name":"(anonymous_3)","decl":{"start":{"line":29,"column":2},"end":{"line":29,"column":3}},"loc":{"start":{"line":29,"column":16},"end":{"line":38,"column":3}},"line":29},"4":{"name":"(anonymous_4)","decl":{"start":{"line":40,"column":2},"end":{"line":40,"column":3}},"loc":{"start":{"line":40,"column":21},"end":{"line":44,"column":3}},"line":40},"5":{"name":"(anonymous_5)","decl":{"start":{"line":41,"column":33},"end":{"line":41,"column":34}},"loc":{"start":{"line":41,"column":40},"end":{"line":41,"column":55}},"line":41},"6":{"name":"(anonymous_6)","decl":{"start":{"line":46,"column":2},"end":{"line":46,"column":3}},"loc":{"start":{"line":46,"column":31},"end":{"line":55,"column":3}},"line":46},"7":{"name":"(anonymous_7)","decl":{"start":{"line":47,"column":30},"end":{"line":47,"column":31}},"loc":{"start":{"line":47,"column":39},"end":{"line":53,"column":5}},"line":47},"8":{"name":"(anonymous_8)","decl":{"start":{"line":57,"column":2},"end":{"line":57,"column":3}},"loc":{"start":{"line":57,"column":30},"end":{"line":66,"column":3}},"line":57},"9":{"name":"(anonymous_9)","decl":{"start":{"line":58,"column":30},"end":{"line":58,"column":31}},"loc":{"start":{"line":58,"column":39},"end":{"line":64,"column":5}},"line":58},"10":{"name":"(anonymous_10)","decl":{"start":{"line":68,"column":2},"end":{"line":68,"column":3}},"loc":{"start":{"line":68,"column":19},"end":{"line":72,"column":3}},"line":68},"11":{"name":"(anonymous_11)","decl":{"start":{"line":69,"column":33},"end":{"line":69,"column":34}},"loc":{"start":{"line":69,"column":40},"end":{"line":69,"column":61}},"line":69},"12":{"name":"(anonymous_12)","decl":{"start":{"line":74,"column":2},"end":{"line":74,"column":3}},"loc":{"start":{"line":74,"column":13},"end":{"line":81,"column":3}},"line":74},"13":{"name":"(anonymous_13)","decl":{"start":{"line":76,"column":22},"end":{"line":76,"column":23}},"loc":{"start":{"line":76,"column":29},"end":{"line":79,"column":5}},"line":76}},"branchMap":{"0":{"loc":{"start":{"line":14,"column":4},"end":{"line":26,"column":5}},"type":"if","locations":[{"start":{"line":14,"column":4},"end":{"line":26,"column":5}},{"start":{},"end":{}}],"line":14},"1":{"loc":{"start":{"line":17,"column":6},"end":{"line":25,"column":7}},"type":"if","locations":[{"start":{"line":17,"column":6},"end":{"line":25,"column":7}},{"start":{},"end":{}}],"line":17},"2":{"loc":{"start":{"line":17,"column":10},"end":{"line":17,"column":35}},"type":"binary-expr","locations":[{"start":{"line":17,"column":10},"end":{"line":17,"column":14}},{"start":{"line":17,"column":18},"end":{"line":17,"column":35}}],"line":17},"3":{"loc":{"start":{"line":21,"column":22},"end":{"line":21,"column":59}},"type":"cond-expr","locations":[{"start":{"line":21,"column":45},"end":{"line":21,"column":49}},{"start":{"line":21,"column":52},"end":{"line":21,"column":59}}],"line":21},"4":{"loc":{"start":{"line":30,"column":4},"end":{"line":37,"column":5}},"type":"if","locations":[{"start":{"line":30,"column":4},"end":{"line":37,"column":5}},{"start":{},"end":{}}],"line":30},"5":{"loc":{"start":{"line":48,"column":6},"end":{"line":50,"column":7}},"type":"if","locations":[{"start":{"line":48,"column":6},"end":{"line":50,"column":7}},{"start":{},"end":{}}],"line":48},"6":{"loc":{"start":{"line":59,"column":6},"end":{"line":61,"column":7}},"type":"if","locations":[{"start":{"line":59,"column":6},"end":{"line":61,"column":7}},{"start":{},"end":{}}],"line":59}},"s":{"0":2,"1":2,"2":2,"3":2,"4":2,"5":2,"6":2,"7":0,"8":0,"9":0,"10":0,"11":0,"12":6,"13":6,"14":6,"15":6,"16":6,"17":2,"18":5,"19":2,"20":2,"21":1,"22":3,"23":1,"24":2,"25":1,"26":1,"27":3,"28":1,"29":2,"30":1,"31":1,"32":3,"33":1,"34":1,"35":3,"36":3,"37":5,"38":5,"39":3},"f":{"0":2,"1":2,"2":0,"3":6,"4":2,"5":5,"6":1,"7":3,"8":1,"9":3,"10":1,"11":3,"12":3,"13":5},"b":{"0":[2,0],"1":[0,2],"2":[2,0],"3":[0,0],"4":[6,0],"5":[1,2],"6":[1,2]},"_coverageSchema":"1a1c01bbd47fc00a2c39e90264f33305004495a9","hash":"7f63cdbad74bb592554f2235881dfc212c1bd812"}
,"C:\\Users\\ppmar\\MICROVERSE\\To-Do-List\\src\\modules\\class-task.js": {"path":"C:\\Users\\ppmar\\MICROVERSE\\To-Do-List\\src\\modules\\class-task.js","statementMap":{"0":{"start":{"line":3,"column":4},"end":{"line":3,"column":36}},"1":{"start":{"line":4,"column":4},"end":{"line":4,"column":18}},"2":{"start":{"line":5,"column":4},"end":{"line":5,"column":32}}},"fnMap":{"0":{"name":"(anonymous_0)","decl":{"start":{"line":2,"column":2},"end":{"line":2,"column":3}},"loc":{"start":{"line":2,"column":53},"end":{"line":6,"column":3}},"line":2}},"branchMap":{"0":{"loc":{"start":{"line":2,"column":33},"end":{"line":2,"column":51}},"type":"default-arg","locations":[{"start":{"line":2,"column":46},"end":{"line":2,"column":51}}],"line":2}},"s":{"0":6,"1":6,"2":6},"f":{"0":6},"b":{"0":[6]},"_coverageSchema":"1a1c01bbd47fc00a2c39e90264f33305004495a9","hash":"6538686b4f9f9ecb500c5d4ad94f7f12043fa6ed"}
,"C:\\Users\\ppmar\\MICROVERSE\\To-Do-List\\src\\modules\\local-storage-checker.js": {"path":"C:\\Users\\ppmar\\MICROVERSE\\To-Do-List\\src\\modules\\local-storage-checker.js","statementMap":{"0":{"start":{"line":2,"column":27},"end":{"line":20,"column":1}},"1":{"start":{"line":4,"column":2},"end":{"line":19,"column":3}},"2":{"start":{"line":5,"column":4},"end":{"line":5,"column":27}},"3":{"start":{"line":6,"column":14},"end":{"line":6,"column":32}},"4":{"start":{"line":7,"column":4},"end":{"line":7,"column":26}},"5":{"start":{"line":8,"column":4},"end":{"line":8,"column":26}},"6":{"start":{"line":9,"column":4},"end":{"line":9,"column":16}},"7":{"start":{"line":11,"column":4},"end":{"line":18,"column":155}}},"fnMap":{"0":{"name":"(anonymous_0)","decl":{"start":{"line":2,"column":27},"end":{"line":2,"column":28}},"loc":{"start":{"line":2,"column":37},"end":{"line":20,"column":1}},"line":2}},"branchMap":{"0":{"loc":{"start":{"line":11,"column":11},"end":{"line":18,"column":154}},"type":"binary-expr","locations":[{"start":{"line":11,"column":11},"end":{"line":11,"column":36}},{"start":{"line":18,"column":6},"end":{"line":18,"column":19}},{"start":{"line":18,"column":23},"end":{"line":18,"column":38}},{"start":{"line":18,"column":42},"end":{"line":18,"column":73}},{"start":{"line":18,"column":77},"end":{"line":18,"column":116}},{"start":{"line":18,"column":122},"end":{"line":18,"column":129}},{"start":{"line":18,"column":133},"end":{"line":18,"column":153}}],"line":11}},"s":{"0":2,"1":2,"2":2,"3":2,"4":2,"5":2,"6":2,"7":0},"f":{"0":2},"b":{"0":[0,0,0,0,0,0,0]},"_coverageSchema":"1a1c01bbd47fc00a2c39e90264f33305004495a9","hash":"842d4928d3d6b0249feec3d5b8bf8736816b3207"}
,"C:\\Users\\ppmar\\MICROVERSE\\To-Do-List\\src\\modules\\refresh-list.js": {"path":"C:\\Users\\ppmar\\MICROVERSE\\To-Do-List\\src\\modules\\refresh-list.js","statementMap":{"0":{"start":{"line":4,"column":20},"end":{"line":56,"column":1}},"1":{"start":{"line":5,"column":2},"end":{"line":5,"column":28}},"2":{"start":{"line":7,"column":2},"end":{"line":55,"column":5}},"3":{"start":{"line":10,"column":4},"end":{"line":13,"column":5}},"4":{"start":{"line":11,"column":6},"end":{"line":11,"column":28}},"5":{"start":{"line":12,"column":6},"end":{"line":12,"column":39}},"6":{"start":{"line":15,"column":21},"end":{"line":15,"column":69}},"7":{"start":{"line":16,"column":25},"end":{"line":16,"column":65}},"8":{"start":{"line":17,"column":4},"end":{"line":17,"column":50}},"9":{"start":{"line":18,"column":4},"end":{"line":18,"column":45}},"10":{"start":{"line":19,"column":21},"end":{"line":19,"column":77}},"11":{"start":{"line":20,"column":4},"end":{"line":20,"column":35}},"12":{"start":{"line":21,"column":25},"end":{"line":21,"column":115}},"13":{"start":{"line":22,"column":22},"end":{"line":22,"column":76}},"14":{"start":{"line":23,"column":26},"end":{"line":23,"column":109}},"15":{"start":{"line":25,"column":19},"end":{"line":25,"column":23}},"16":{"start":{"line":27,"column":4},"end":{"line":37,"column":7}},"17":{"start":{"line":28,"column":6},"end":{"line":36,"column":7}},"18":{"start":{"line":29,"column":8},"end":{"line":29,"column":43}},"19":{"start":{"line":30,"column":8},"end":{"line":30,"column":43}},"20":{"start":{"line":31,"column":8},"end":{"line":31,"column":51}},"21":{"start":{"line":33,"column":8},"end":{"line":33,"column":46}},"22":{"start":{"line":34,"column":8},"end":{"line":34,"column":40}},"23":{"start":{"line":35,"column":8},"end":{"line":35,"column":55}},"24":{"start":{"line":38,"column":4},"end":{"line":41,"column":6}},"25":{"start":{"line":39,"column":6},"end":{"line":39,"column":32}},"26":{"start":{"line":40,"column":6},"end":{"line":40,"column":38}},"27":{"start":{"line":44,"column":4},"end":{"line":47,"column":7}},"28":{"start":{"line":45,"column":6},"end":{"line":45,"column":56}},"29":{"start":{"line":46,"column":6},"end":{"line":46,"column":38}},"30":{"start":{"line":49,"column":4},"end":{"line":54,"column":7}},"31":{"start":{"line":50,"column":6},"end":{"line":53,"column":7}},"32":{"start":{"line":51,"column":8},"end":{"line":51,"column":50}},"33":{"start":{"line":52,"column":8},"end":{"line":52,"column":40}}},"fnMap":{"0":{"name":"(anonymous_0)","decl":{"start":{"line":4,"column":20},"end":{"line":4,"column":21}},"loc":{"start":{"line":4,"column":44},"end":{"line":56,"column":1}},"line":4},"1":{"name":"(anonymous_1)","decl":{"start":{"line":7,"column":22},"end":{"line":7,"column":23}},"loc":{"start":{"line":7,"column":29},"end":{"line":55,"column":3}},"line":7},"2":{"name":"(anonymous_2)","decl":{"start":{"line":27,"column":44},"end":{"line":27,"column":45}},"loc":{"start":{"line":27,"column":50},"end":{"line":37,"column":5}},"line":27},"3":{"name":"(anonymous_3)","decl":{"start":{"line":38,"column":24},"end":{"line":38,"column":25}},"loc":{"start":{"line":38,"column":30},"end":{"line":41,"column":5}},"line":38},"4":{"name":"(anonymous_4)","decl":{"start":{"line":44,"column":43},"end":{"line":44,"column":44}},"loc":{"start":{"line":44,"column":49},"end":{"line":47,"column":5}},"line":44},"5":{"name":"(anonymous_5)","decl":{"start":{"line":49,"column":42},"end":{"line":49,"column":43}},"loc":{"start":{"line":49,"column":49},"end":{"line":54,"column":5}},"line":49}},"branchMap":{"0":{"loc":{"start":{"line":10,"column":4},"end":{"line":13,"column":5}},"type":"if","locations":[{"start":{"line":10,"column":4},"end":{"line":13,"column":5}},{"start":{},"end":{}}],"line":10},"1":{"loc":{"start":{"line":28,"column":6},"end":{"line":36,"column":7}},"type":"if","locations":[{"start":{"line":28,"column":6},"end":{"line":36,"column":7}},{"start":{"line":32,"column":13},"end":{"line":36,"column":7}}],"line":28},"2":{"loc":{"start":{"line":50,"column":6},"end":{"line":53,"column":7}},"type":"if","locations":[{"start":{"line":50,"column":6},"end":{"line":53,"column":7}},{"start":{},"end":{}}],"line":50}},"s":{"0":2,"1":9,"2":9,"3":20,"4":1,"5":1,"6":20,"7":20,"8":20,"9":20,"10":20,"11":20,"12":20,"13":20,"14":20,"15":20,"16":20,"17":0,"18":0,"19":0,"20":0,"21":0,"22":0,"23":0,"24":20,"25":0,"26":0,"27":20,"28":0,"29":0,"30":20,"31":0,"32":0,"33":0},"f":{"0":9,"1":20,"2":0,"3":0,"4":0,"5":0},"b":{"0":[1,19],"1":[0,0],"2":[0,0]},"_coverageSchema":"1a1c01bbd47fc00a2c39e90264f33305004495a9","hash":"c6ff7b711d95e257e1b27234a08d5a54585c5e57"}
}
