TN:
SF:src\modules\add-elem.js
FN:2,(anonymous_0)
FN:5,(anonymous_1)
FNF:2
FNH:2
FNDA:54,(anonymous_0)
FNDA:135,(anonymous_1)
DA:2,1
DA:3,54
DA:4,54
DA:5,135
DA:7,54
DA:9,54
LF:6
LH:6
BRDA:4,0,0,54
BRDA:4,0,1,0
BRF:2
BRH:1
end_of_record
TN:
SF:src\modules\class-task-list.js
FN:7,(anonymous_0)
FN:13,(anonymous_1)
FN:20,(anonymous_2)
FN:29,(anonymous_3)
FN:40,(anonymous_4)
FN:41,(anonymous_5)
FN:46,(anonymous_6)
FN:47,(anonymous_7)
FN:57,(anonymous_8)
FN:58,(anonymous_9)
FN:68,(anonymous_10)
FN:69,(anonymous_11)
FN:74,(anonymous_12)
FN:76,(anonymous_13)
FNF:14
FNH:7
FNDA:1,(anonymous_0)
FNDA:1,(anonymous_1)
FNDA:0,(anonymous_2)
FNDA:3,(anonymous_3)
FNDA:2,(anonymous_4)
FNDA:5,(anonymous_5)
FNDA:0,(anonymous_6)
FNDA:0,(anonymous_7)
FNDA:0,(anonymous_8)
FNDA:0,(anonymous_9)
FNDA:0,(anonymous_10)
FNDA:0,(anonymous_11)
FNDA:2,(anonymous_12)
FNDA:3,(anonymous_13)
DA:4,1
DA:8,1
DA:9,1
DA:10,1
DA:14,1
DA:15,1
DA:17,1
DA:18,0
DA:20,0
DA:21,0
DA:22,0
DA:24,0
DA:30,3
DA:31,3
DA:33,3
DA:34,3
DA:36,3
DA:41,5
DA:42,2
DA:43,2
DA:47,0
DA:48,0
DA:49,0
DA:52,0
DA:54,0
DA:58,0
DA:59,0
DA:60,0
DA:63,0
DA:65,0
DA:69,0
DA:70,0
DA:71,0
DA:75,2
DA:76,2
DA:77,3
DA:78,3
DA:80,2
LF:38
LH:20
BRDA:14,0,0,1
BRDA:14,0,1,0
BRDA:17,1,0,0
BRDA:17,1,1,1
BRDA:17,2,0,1
BRDA:17,2,1,0
BRDA:21,3,0,0
BRDA:21,3,1,0
BRDA:30,4,0,3
BRDA:30,4,1,0
BRDA:48,5,0,0
BRDA:48,5,1,0
BRDA:59,6,0,0
BRDA:59,6,1,0
BRF:14
BRH:4
end_of_record
TN:
SF:src\modules\class-task.js
FN:2,(anonymous_0)
FNF:1
FNH:1
FNDA:3,(anonymous_0)
DA:3,3
DA:4,3
DA:5,3
LF:3
LH:3
BRDA:2,0,0,3
BRF:1
BRH:1
end_of_record
TN:
SF:src\modules\local-storage-checker.js
FN:2,(anonymous_0)
FNF:1
FNH:1
FNDA:1,(anonymous_0)
DA:2,1
DA:4,1
DA:5,1
DA:6,1
DA:7,1
DA:8,1
DA:9,1
DA:11,0
LF:8
LH:7
BRDA:11,0,0,0
BRDA:11,0,1,0
BRDA:11,0,2,0
BRDA:11,0,3,0
BRDA:11,0,4,0
BRDA:11,0,5,0
BRDA:11,0,6,0
BRF:7
BRH:0
end_of_record
TN:
SF:src\modules\refresh-list.js
FN:4,(anonymous_0)
FN:7,(anonymous_1)
FN:27,(anonymous_2)
FN:38,(anonymous_3)
FN:44,(anonymous_4)
FN:49,(anonymous_5)
FNF:6
FNH:2
FNDA:5,(anonymous_0)
FNDA:9,(anonymous_1)
FNDA:0,(anonymous_2)
FNDA:0,(anonymous_3)
FNDA:0,(anonymous_4)
FNDA:0,(anonymous_5)
DA:4,1
DA:5,5
DA:7,5
DA:10,9
DA:11,0
DA:12,0
DA:15,9
DA:16,9
DA:17,9
DA:18,9
DA:19,9
DA:20,9
DA:21,9
DA:22,9
DA:23,9
DA:25,9
DA:27,9
DA:28,0
DA:29,0
DA:30,0
DA:31,0
DA:33,0
DA:34,0
DA:35,0
DA:38,9
DA:39,0
DA:40,0
DA:44,9
DA:45,0
DA:46,0
DA:49,9
DA:50,0
DA:51,0
DA:52,0
LF:34
LH:18
BRDA:10,0,0,0
BRDA:10,0,1,9
BRDA:28,1,0,0
BRDA:28,1,1,0
BRDA:50,2,0,0
BRDA:50,2,1,0
BRF:6
BRH:1
end_of_record
