TN:
SF:src\modules\add-elem.js
FN:2,(anonymous_0)
FN:5,(anonymous_1)
FNF:2
FNH:2
FNDA:120,(anonymous_0)
FNDA:300,(anonymous_1)
DA:2,2
DA:3,120
DA:4,120
DA:5,300
DA:7,120
DA:9,120
LF:6
LH:6
BRDA:4,0,0,120
BRDA:4,0,1,0
BRF:2
BRH:1
end_of_record
TN:
SF:src\modules\class-task-list.js
FN:7,(anonymous_0)
FN:13,(anonymous_1)
FN:20,(anonymous_2)
FN:29,(anonymous_3)
FN:40,(anonymous_4)
FN:41,(anonymous_5)
FN:46,(anonymous_6)
FN:47,(anonymous_7)
FN:57,(anonymous_8)
FN:58,(anonymous_9)
FN:68,(anonymous_10)
FN:69,(anonymous_11)
FN:74,(anonymous_12)
FN:76,(anonymous_13)
FNF:14
FNH:13
FNDA:2,(anonymous_0)
FNDA:2,(anonymous_1)
FNDA:0,(anonymous_2)
FNDA:6,(anonymous_3)
FNDA:2,(anonymous_4)
FNDA:5,(anonymous_5)
FNDA:1,(anonymous_6)
FNDA:3,(anonymous_7)
FNDA:1,(anonymous_8)
FNDA:3,(anonymous_9)
FNDA:1,(anonymous_10)
FNDA:3,(anonymous_11)
FNDA:3,(anonymous_12)
FNDA:5,(anonymous_13)
DA:4,2
DA:8,2
DA:9,2
DA:10,2
DA:14,2
DA:15,2
DA:17,2
DA:18,0
DA:20,0
DA:21,0
DA:22,0
DA:24,0
DA:30,6
DA:31,6
DA:33,6
DA:34,6
DA:36,6
DA:41,5
DA:42,2
DA:43,2
DA:47,1
DA:48,3
DA:49,1
DA:52,2
DA:54,1
DA:58,1
DA:59,3
DA:60,1
DA:63,2
DA:65,1
DA:69,3
DA:70,1
DA:71,1
DA:75,3
DA:76,3
DA:77,5
DA:78,5
DA:80,3
LF:38
LH:33
BRDA:14,0,0,2
BRDA:14,0,1,0
BRDA:17,1,0,0
BRDA:17,1,1,2
BRDA:17,2,0,2
BRDA:17,2,1,0
BRDA:21,3,0,0
BRDA:21,3,1,0
BRDA:30,4,0,6
BRDA:30,4,1,0
BRDA:48,5,0,1
BRDA:48,5,1,2
BRDA:59,6,0,1
BRDA:59,6,1,2
BRF:14
BRH:8
end_of_record
TN:
SF:src\modules\class-task.js
FN:2,(anonymous_0)
FNF:1
FNH:1
FNDA:6,(anonymous_0)
DA:3,6
DA:4,6
DA:5,6
LF:3
LH:3
BRDA:2,0,0,6
BRF:1
BRH:1
end_of_record
TN:
SF:src\modules\local-storage-checker.js
FN:2,(anonymous_0)
FNF:1
FNH:1
FNDA:2,(anonymous_0)
DA:2,2
DA:4,2
DA:5,2
DA:6,2
DA:7,2
DA:8,2
DA:9,2
DA:11,0
LF:8
LH:7
BRDA:11,0,0,0
BRDA:11,0,1,0
BRDA:11,0,2,0
BRDA:11,0,3,0
BRDA:11,0,4,0
BRDA:11,0,5,0
BRDA:11,0,6,0
BRF:7
BRH:0
end_of_record
TN:
SF:src\modules\refresh-list.js
FN:4,(anonymous_0)
FN:7,(anonymous_1)
FN:27,(anonymous_2)
FN:38,(anonymous_3)
FN:44,(anonymous_4)
FN:49,(anonymous_5)
FNF:6
FNH:2
FNDA:9,(anonymous_0)
FNDA:20,(anonymous_1)
FNDA:0,(anonymous_2)
FNDA:0,(anonymous_3)
FNDA:0,(anonymous_4)
FNDA:0,(anonymous_5)
DA:4,2
DA:5,9
DA:7,9
DA:10,20
DA:11,1
DA:12,1
DA:15,20
DA:16,20
DA:17,20
DA:18,20
DA:19,20
DA:20,20
DA:21,20
DA:22,20
DA:23,20
DA:25,20
DA:27,20
DA:28,0
DA:29,0
DA:30,0
DA:31,0
DA:33,0
DA:34,0
DA:35,0
DA:38,20
DA:39,0
DA:40,0
DA:44,20
DA:45,0
DA:46,0
DA:49,20
DA:50,0
DA:51,0
DA:52,0
LF:34
LH:20
BRDA:10,0,0,1
BRDA:10,0,1,19
BRDA:28,1,0,0
BRDA:28,1,1,0
BRDA:50,2,0,0
BRDA:50,2,1,0
BRF:6
BRH:2
end_of_record
